1665721884549	geckodriver	INFO	Listening on 127.0.0.1:39354
1665721884929	mozrunner::runner	INFO	Running command: "C:\\Program Files\\Mozilla Firefox\\firefox.exe" "--marionette" "-no-remote" "-profile" "C:\\Users\\TUTHUC~1\\AppData\\Local\\Temp\\rust_mozprofileYKzCcH"
1665721891365	Marionette	INFO	Marionette enabled
1665721891371	Marionette	INFO	Listening on port 53018
Read port: 53018
Read port: 53018
Read port: 53018
Read port: 53018
1665721896037	RemoteAgent	WARN	TLS certificate errors will be ignored for this session
console.warn: SearchSettings: "get: No settings file exists, new profile?" (new NotFoundError("Could not open the file at C:\\Users\\TUTHUC~1\\AppData\\Local\\Temp\\rust_mozprofileYKzCcH\\search.json.mozlz4", (void 0)))
console.error: Region.jsm: "Error fetching region" (new AbortError("The operation was aborted. ", (void 0), 766))
console.error: Region.jsm: "Failed to fetch region" (new Error("NO_RESULT", "resource://gre/modules/Region.jsm", 420))
console.error: services.settings: 
  main/query-stripping Signature failed  InvalidSignatureError: Invalid content signature (main/query-stripping)
console.error: services.settings: 
  main/query-stripping local data was corrupted
console.warn: services.settings: main/query-stripping Signature verified failed. Retry from scratch
console.error: services.settings: 
  main/query-stripping Signature failed again InvalidSignatureError: Invalid content signature (main/query-stripping)
1665721956409	Marionette	INFO	Stopped listening on port 53018
